<?xml version="1.0" encoding="UTF-8"?>
<!-- Generated by org.testng.reporters.JUnitReportReporter -->
<testsuite hostname="LAPTOP-DNON9ACU" failures="0" tests="5" name="test.TestClass" time="114.003" errors="0" timestamp="2022-12-09T23:39:15 IST" skipped="0">
  <testcase classname="test.TestClass" name="pegaLogin" time="8.154"/>
  <system-out/>
  <testcase classname="test.TestClass" name="launchInstance" time="52.644"/>
  <system-out/>
  <testcase classname="test.TestClass" name="startAnInteraction" time="10.253"/>
  <system-out/>
  <testcase classname="test.TestClass" name="pegaDisputeTransaction" time="27.641"/>
  <system-out/>
  <testcase classname="test.TestClass" name="wrapUpInteraction" time="15.311"/>
  <system-out/>
</testsuite> <!-- test.TestClass -->
